<?xml version="1.0" encoding="UTF-8"?>
<!-- Generated by org.testng.reporters.JUnitReportReporter -->
<testsuite skipped="0" hostname="DESKTOP-1UFPC69" name="com.testing.Simpleproj.Demo1" tests="1" failures="0" timestamp="02 Jun 2022 05:05:02 GMT" time="0.090" errors="0">
  <testcase name="demo1" time="0.090" classname="com.testing.Simpleproj.Demo1"/>
</testsuite> <!-- com.testing.Simpleproj.Demo1 -->
